<?xml version="1.0" encoding="UTF-8"?>
<testsuite name="com.emp.service.EmployeeControllerTest" tests="1" skipped="0" failures="0" errors="0" timestamp="2022-01-14T16:38:05" hostname="krithik" time="0.52">
  <properties/>
  <testcase name="testAddEmployee()" classname="com.emp.service.EmployeeControllerTest" time="0.52"/>
  <system-out><![CDATA[22:08:06.304 [Test worker] DEBUG org.springframework.web.client.RestTemplate - HTTP POST http://localhost:8081/company/employee
22:08:06.313 [Test worker] DEBUG org.springframework.web.client.RestTemplate - Accept=[text/plain, application/json, application/*+json, */*]
22:08:06.369 [Test worker] DEBUG org.springframework.web.client.RestTemplate - Writing [Employee{empId=0, empName='fds', section='O'}] as "application/json"
22:08:06.393 [Test worker] DEBUG org.springframework.web.client.RestTemplate - Response 202 ACCEPTED
22:08:06.399 [Test worker] DEBUG org.springframework.web.client.RestTemplate - HTTP GET http://localhost:8081/company/employee/6
22:08:06.428 [Test worker] DEBUG org.springframework.web.client.RestTemplate - Accept=[application/json, application/*+json]
22:08:06.432 [Test worker] DEBUG org.springframework.web.client.RestTemplate - Response 200 OK
22:08:06.435 [Test worker] DEBUG org.springframework.web.client.RestTemplate - Reading to [org.emp.core.Employee]
Employee{empId=6, empName='fds', section='O'}
]]></system-out>
  <system-err><![CDATA[]]></system-err>
</testsuite>
